<?xml version="1.0" encoding="UTF-8"?>
<testsuite xmlns:xsi="http://www.w3.org/2001/XMLSchema-instance" xsi:noNamespaceSchemaLocation="https://maven.apache.org/surefire/maven-surefire-plugin/xsd/surefire-test-report.xsd" version="3.0.2" name="com.example.campusmarketserver.CampusMarketServerApplicationTests" time="5.699" tests="2" errors="0" skipped="0" failures="0" flakes="0">
  <properties>
[...]
</properties>
  <testcase name="fixNoticeTableV2" classname="com.example.campusmarketserver.CampusMarketServerApplicationTests" time="2.456">
    <system-out><![CDATA[19:54:25.210 [main] INFO org.springframework.test.context.support.AnnotationConfigContextLoaderUtils -- Could not detect default configuration classes for test class [com.example.campusmarketserver.CampusMarketServerApplicationTests]: CampusMarketServerApplicationTests does not declare any static, non-private, non-final, nested classes annotated with @Configuration.
19:54:25.333 [main] INFO org.springframework.boot.test.context.SpringBootTestContextBootstrapper -- Found @SpringBootConfiguration com.example.campusmarketserver.CampusMarketServerApplication for test class com.example.campusmarketserver.CampusMarketServerApplicationTests
19:54:25.443 [main] INFO org.springframework.test.context.support.AnnotationConfigContextLoaderUtils -- Could not detect default configuration classes for test class [com.example.campusmarketserver.CampusMarketServerApplicationTests]: CampusMarketServerApplicationTests does not declare any static, non-private, non-final, nested classes annotated with @Configuration.
19:54:25.444 [main] INFO org.springframework.boot.test.context.SpringBootTestContextBootstrapper -- Found @SpringBootConfiguration com.example.campusmarketserver.CampusMarketServerApplication for test class com.example.campusmarketserver.CampusMarketServerApplicationTests
19:54:25.536 [main] INFO org.springframework.boot.devtools.restart.RestartApplicationListener -- Restart disabled due to context in which it is running

  .   ____          _            __ _ _
 /\\ / ___'_ __ _ _(_)_ __  __ _ \ \ \ \
( ( )\___ | '_ | '_| | '_ \/ _` | \ \ \ \
 \\/  ___)| |_)| | | | | || (_| |  ) ) ) )
  '  |____| .__|_| |_|_| |_\__, | / / / /
 =========|_|==============|___/=/_/_/_/

 :: Spring Boot ::                (v4.0.8)

2026-09-18T19:54:25.938+08:00  INFO 9316 --- [campus-market-server] [           main] c.e.c.CampusMarketServerApplicationTests : Starting CampusMarketServerApplicationTests using Java 17.0.20.1 with PID 9316 (started by luanb in C:\Users\luanb\IdeaProjects\campus-market-server)
2026-09-18T19:54:25.939+08:00 DEBUG 9316 --- [campus-market-server] [           main] c.e.c.CampusMarketServerApplicationTests : Running with Spring Boot v4.0.8, Spring v7.0.9
2026-09-18T19:54:25.941+08:00  INFO 9316 --- [campus-market-server] [           main] c.e.c.CampusMarketServerApplicationTests : No active profile set, falling back to 1 default profile: "default"
Logging initialized using 'class org.apache.ibatis.logging.stdout.StdOutImpl' adapter.
Get /192.168.31.177 network interface 
Get network interface info: name:wlan2 (MediaTek Wi-Fi 6 MT7921 Wireless LAN Card)
Initialization Sequence datacenterId:22 workerId:31
 _ _   |_  _ _|_. ___ _ |    _ 
| | |\/|_)(_| | |_\  |_)||_|_\ 
     /               |         
                        null 
2026-09-18T19:54:28.028+08:00  INFO 9316 --- [campus-market-server] [           main] b.m.s.MybatisPlusApplicationContextAware : Register ApplicationContext instances org.springframework.web.context.support.GenericWebApplicationContext@151ef57f
2026-09-18T19:54:28.182+08:00  INFO 9316 --- [campus-market-server] [           main] c.e.c.CampusMarketServerApplicationTests : Started CampusMarketServerApplicationTests in 2.659 seconds (process running for 4.643)
2026-09-18T19:54:30.066+08:00  INFO 9316 --- [campus-market-server] [           main] com.zaxxer.hikari.HikariDataSource       : HikariPool-1 - Starting...
2026-09-18T19:54:30.424+08:00  INFO 9316 --- [campus-market-server] [           main] com.zaxxer.hikari.pool.HikariPool        : HikariPool-1 - Added connection com.mysql.cj.jdbc.ConnectionImpl@335896bd
2026-09-18T19:54:30.426+08:00  INFO 9316 --- [campus-market-server] [           main] com.zaxxer.hikari.HikariDataSource       : HikariPool-1 - Start completed.
type 列已改为 VARCHAR(20)
content 列已存在，类型: VARCHAR(200)
is_read 列已存在
create_time 列已存在

=== notice 表最终结构 ===
id | BIGINT(19) | NO
user_id | BIGINT(19) | NO
from_user_id | BIGINT(19) | NO
post_id | BIGINT(19) | YES
type | VARCHAR(20) | NO
content | VARCHAR(200) | NO
is_read | TINYINT(3) | YES
create_time | DATETIME(19) | YES
=========================
]]></system-out>
  </testcase>
  <testcase name="contextLoads" classname="com.example.campusmarketserver.CampusMarketServerApplicationTests" time="0.002"/>
</testsuite>